<?xml version="1.0" encoding="UTF-8"?>
<testng-results ignored="0" total="10" passed="8" failed="2" skipped="0">
  <reporter-output>
  </reporter-output>
  <suite started-at="2023-01-13T00:17:02 EST" name="Default suite" finished-at="2023-01-13T00:18:36 EST" duration-ms="94314">
    <groups>
    </groups>
    <test started-at="2023-01-13T00:17:02 EST" name="Default test" finished-at="2023-01-13T00:18:36 EST" duration-ms="94314">
      <class name="Scripts.AddRemove">
        <test-method is-config="true" signature="setUp()[pri:0, instance:Scripts.AddRemove@7fedfe27]" started-at="2023-01-13T00:17:02 EST" name="setUp" finished-at="2023-01-13T00:17:06 EST" duration-ms="4005" status="PASS">
          <reporter-output>
          </reporter-output>
        </test-method> <!-- setUp -->
        <test-method signature="Test1()[pri:0, instance:Scripts.AddRemove@7fedfe27]" started-at="2023-01-13T00:17:22 EST" name="Test1" finished-at="2023-01-13T00:17:29 EST" duration-ms="6838" status="PASS">
          <reporter-output>
          </reporter-output>
        </test-method> <!-- Test1 -->
        <test-method is-config="true" signature="tearDown()[pri:0, instance:Scripts.AddRemove@7fedfe27]" started-at="2023-01-13T00:17:29 EST" name="tearDown" finished-at="2023-01-13T00:17:29 EST" duration-ms="334" status="PASS">
          <reporter-output>
          </reporter-output>
        </test-method> <!-- tearDown -->
      </class> <!-- Scripts.AddRemove -->
      <class name="Scripts.Shoping">
        <test-method is-config="true" signature="setUp()[pri:0, instance:Scripts.Shoping@6f8e0cee]" started-at="2023-01-13T00:17:17 EST" name="setUp" finished-at="2023-01-13T00:17:18 EST" duration-ms="671" status="PASS">
          <reporter-output>
          </reporter-output>
        </test-method> <!-- setUp -->
        <test-method signature="Checkout()[pri:0, instance:Scripts.Shoping@6f8e0cee]" started-at="2023-01-13T00:17:29 EST" name="Checkout" finished-at="2023-01-13T00:17:32 EST" duration-ms="3257" status="PASS">
          <reporter-output>
          </reporter-output>
        </test-method> <!-- Checkout -->
        <test-method signature="Login()[pri:0, instance:Scripts.Shoping@6f8e0cee]" started-at="2023-01-13T00:17:32 EST" name="Login" finished-at="2023-01-13T00:17:36 EST" duration-ms="3671" status="PASS">
          <reporter-output>
          </reporter-output>
        </test-method> <!-- Login -->
        <test-method signature="ShoppingPage()[pri:0, instance:Scripts.Shoping@6f8e0cee]" started-at="2023-01-13T00:17:36 EST" name="ShoppingPage" finished-at="2023-01-13T00:17:55 EST" duration-ms="18956" status="PASS">
          <reporter-output>
          </reporter-output>
        </test-method> <!-- ShoppingPage -->
        <test-method signature="TransactionCom()[pri:0, instance:Scripts.Shoping@6f8e0cee]" started-at="2023-01-13T00:17:55 EST" name="TransactionCom" finished-at="2023-01-13T00:18:05 EST" duration-ms="10044" status="FAIL">
          <exception class="org.openqa.selenium.NoSuchElementException">
            <message>
              <![CDATA[no such element: Unable to locate element: {"method":"xpath","selector":"//*[@id="finish"]"}
  (Session info: MicrosoftEdge=108.0.1462.76)
For documentation on this error, please visit: https://selenium.dev/exceptions/#no_such_element
Build info: version: '4.7.1', revision: 'c6795baf1a3'
System info: os.name: 'Windows 10', os.arch: 'amd64', os.version: '10.0', java.version: '17.0.1'
Driver info: org.openqa.selenium.edge.EdgeDriver
Command: [c2671ceb643159c28c9d233ffcc99396, findElement {using=xpath, value=//*[@id="finish"]}]
Capabilities {acceptInsecureCerts: false, browserName: msedge, browserVersion: 108.0.1462.76, ms:edgeOptions: {debuggerAddress: localhost:59387}, msedge: {msedgedriverVersion: 108.0.1462.83 (3ecea1927d6f..., userDataDir: C:\Users\raiha\AppData\Loca...}, networkConnectionEnabled: false, pageLoadStrategy: normal, platformName: WINDOWS, proxy: Proxy(), se:cdp: ws://localhost:59387/devtoo..., se:cdpVersion: 108.0.1462.76, setWindowRect: true, strictFileInteractability: false, timeouts: {implicit: 0, pageLoad: 300000, script: 30000}, unhandledPromptBehavior: dismiss and notify, webauthn:extension:credBlob: true, webauthn:extension:largeBlob: true, webauthn:virtualAuthenticators: true}
Session ID: c2671ceb643159c28c9d233ffcc99396]]>
            </message>
            <full-stacktrace>
              <![CDATA[org.openqa.selenium.NoSuchElementException: no such element: Unable to locate element: {"method":"xpath","selector":"//*[@id="finish"]"}
  (Session info: MicrosoftEdge=108.0.1462.76)
For documentation on this error, please visit: https://selenium.dev/exceptions/#no_such_element
Build info: version: '4.7.1', revision: 'c6795baf1a3'
System info: os.name: 'Windows 10', os.arch: 'amd64', os.version: '10.0', java.version: '17.0.1'
Driver info: org.openqa.selenium.edge.EdgeDriver
Command: [c2671ceb643159c28c9d233ffcc99396, findElement {using=xpath, value=//*[@id="finish"]}]
Capabilities {acceptInsecureCerts: false, browserName: msedge, browserVersion: 108.0.1462.76, ms:edgeOptions: {debuggerAddress: localhost:59387}, msedge: {msedgedriverVersion: 108.0.1462.83 (3ecea1927d6f..., userDataDir: C:\Users\raiha\AppData\Loca...}, networkConnectionEnabled: false, pageLoadStrategy: normal, platformName: WINDOWS, proxy: Proxy(), se:cdp: ws://localhost:59387/devtoo..., se:cdpVersion: 108.0.1462.76, setWindowRect: true, strictFileInteractability: false, timeouts: {implicit: 0, pageLoad: 300000, script: 30000}, unhandledPromptBehavior: dismiss and notify, webauthn:extension:credBlob: true, webauthn:extension:largeBlob: true, webauthn:virtualAuthenticators: true}
Session ID: c2671ceb643159c28c9d233ffcc99396
at java.base/jdk.internal.reflect.NativeConstructorAccessorImpl.newInstance0(Native Method)
at java.base/jdk.internal.reflect.NativeConstructorAccessorImpl.newInstance(NativeConstructorAccessorImpl.java:77)
at java.base/jdk.internal.reflect.DelegatingConstructorAccessorImpl.newInstance(DelegatingConstructorAccessorImpl.java:45)
at java.base/java.lang.reflect.Constructor.newInstanceWithCaller(Constructor.java:499)
at java.base/java.lang.reflect.Constructor.newInstance(Constructor.java:480)
at org.openqa.selenium.remote.codec.w3c.W3CHttpResponseCodec.createException(W3CHttpResponseCodec.java:200)
at org.openqa.selenium.remote.codec.w3c.W3CHttpResponseCodec.decode(W3CHttpResponseCodec.java:133)
at org.openqa.selenium.remote.codec.w3c.W3CHttpResponseCodec.decode(W3CHttpResponseCodec.java:53)
at org.openqa.selenium.remote.HttpCommandExecutor.execute(HttpCommandExecutor.java:184)
at org.openqa.selenium.remote.service.DriverCommandExecutor.invokeExecute(DriverCommandExecutor.java:167)
at org.openqa.selenium.remote.service.DriverCommandExecutor.execute(DriverCommandExecutor.java:142)
at org.openqa.selenium.remote.RemoteWebDriver.execute(RemoteWebDriver.java:551)
at org.openqa.selenium.remote.ElementLocation$ElementFinder$2.findElement(ElementLocation.java:162)
at org.openqa.selenium.remote.ElementLocation.findElement(ElementLocation.java:60)
at org.openqa.selenium.remote.RemoteWebDriver.findElement(RemoteWebDriver.java:367)
at org.openqa.selenium.remote.RemoteWebDriver.findElement(RemoteWebDriver.java:359)
at pageObjectModel.HomePage.FinishButton(HomePage.java:96)
at Scripts.Shoping.TransactionCom(Shoping.java:116)
at java.base/jdk.internal.reflect.NativeMethodAccessorImpl.invoke0(Native Method)
at java.base/jdk.internal.reflect.NativeMethodAccessorImpl.invoke(NativeMethodAccessorImpl.java:77)
at java.base/jdk.internal.reflect.DelegatingMethodAccessorImpl.invoke(DelegatingMethodAccessorImpl.java:43)
at java.base/java.lang.reflect.Method.invoke(Method.java:568)
at org.testng.internal.MethodInvocationHelper.invokeMethod(MethodInvocationHelper.java:133)
at org.testng.internal.TestInvoker.invokeMethod(TestInvoker.java:598)
at org.testng.internal.TestInvoker.invokeTestMethod(TestInvoker.java:173)
at org.testng.internal.MethodRunner.runInSequence(MethodRunner.java:46)
at org.testng.internal.TestInvoker$MethodInvocationAgent.invoke(TestInvoker.java:824)
at org.testng.internal.TestInvoker.invokeTestMethods(TestInvoker.java:146)
at org.testng.internal.TestMethodWorker.invokeTestMethods(TestMethodWorker.java:146)
at org.testng.internal.TestMethodWorker.run(TestMethodWorker.java:128)
at java.base/java.util.ArrayList.forEach(ArrayList.java:1511)
at org.testng.TestRunner.privateRun(TestRunner.java:794)
at org.testng.TestRunner.run(TestRunner.java:596)
at org.testng.SuiteRunner.runTest(SuiteRunner.java:377)
at org.testng.SuiteRunner.runSequentially(SuiteRunner.java:371)
at org.testng.SuiteRunner.privateRun(SuiteRunner.java:332)
at org.testng.SuiteRunner.run(SuiteRunner.java:276)
at org.testng.SuiteRunnerWorker.runSuite(SuiteRunnerWorker.java:53)
at org.testng.SuiteRunnerWorker.run(SuiteRunnerWorker.java:96)
at org.testng.TestNG.runSuitesSequentially(TestNG.java:1212)
at org.testng.TestNG.runSuitesLocally(TestNG.java:1134)
at org.testng.TestNG.runSuites(TestNG.java:1063)
at org.testng.TestNG.run(TestNG.java:1031)
at org.testng.remote.AbstractRemoteTestNG.run(AbstractRemoteTestNG.java:115)
at org.testng.remote.RemoteTestNG.initAndRun(RemoteTestNG.java:251)
at org.testng.remote.RemoteTestNG.main(RemoteTestNG.java:77)
]]>
            </full-stacktrace>
          </exception> <!-- org.openqa.selenium.NoSuchElementException -->
          <reporter-output>
          </reporter-output>
        </test-method> <!-- TransactionCom -->
        <test-method signature="process()[pri:0, instance:Scripts.Shoping@6f8e0cee]" started-at="2023-01-13T00:18:05 EST" name="process" finished-at="2023-01-13T00:18:06 EST" duration-ms="799" status="PASS">
          <reporter-output>
          </reporter-output>
        </test-method> <!-- process -->
        <test-method is-config="true" signature="tearDown()[pri:0, instance:Scripts.Shoping@6f8e0cee]" started-at="2023-01-13T00:18:36 EST" name="tearDown" finished-at="2023-01-13T00:18:36 EST" duration-ms="473" status="PASS">
          <reporter-output>
          </reporter-output>
        </test-method> <!-- tearDown -->
      </class> <!-- Scripts.Shoping -->
      <class name="Scripts.DropDown">
        <test-method is-config="true" signature="setUp()[pri:0, instance:Scripts.DropDown@31ee96f4]" started-at="2023-01-13T00:17:13 EST" name="setUp" finished-at="2023-01-13T00:17:17 EST" duration-ms="3693" status="PASS">
          <reporter-output>
          </reporter-output>
        </test-method> <!-- setUp -->
        <test-method signature="Drpdwn()[pri:0, instance:Scripts.DropDown@31ee96f4]" started-at="2023-01-13T00:18:06 EST" name="Drpdwn" finished-at="2023-01-13T00:18:13 EST" duration-ms="6962" status="PASS">
          <reporter-output>
          </reporter-output>
        </test-method> <!-- Drpdwn -->
        <test-method is-config="true" signature="tearDown()[pri:0, instance:Scripts.DropDown@31ee96f4]" started-at="2023-01-13T00:18:13 EST" name="tearDown" finished-at="2023-01-13T00:18:13 EST" duration-ms="359" status="PASS">
          <reporter-output>
          </reporter-output>
        </test-method> <!-- tearDown -->
      </class> <!-- Scripts.DropDown -->
      <class name="Scripts.DragNdrop">
        <test-method is-config="true" signature="setUp()[pri:0, instance:Scripts.DragNdrop@385ef531]" started-at="2023-01-13T00:17:09 EST" name="setUp" finished-at="2023-01-13T00:17:13 EST" duration-ms="3912" status="PASS">
          <reporter-output>
          </reporter-output>
        </test-method> <!-- setUp -->
        <test-method signature="dragdrop()[pri:0, instance:Scripts.DragNdrop@385ef531]" started-at="2023-01-13T00:18:13 EST" name="dragdrop" finished-at="2023-01-13T00:18:20 EST" duration-ms="7108" status="FAIL">
          <exception class="java.lang.AssertionError">
            <message>
              <![CDATA[expected [A] but found [[[EdgeDriver: msedge on WINDOWS (e172fecd15d21d92eefbbbac36320c43)] -> xpath: //*[@id="column-b"]]]]]>
            </message>
            <full-stacktrace>
              <![CDATA[java.lang.AssertionError: expected [A] but found [[[EdgeDriver: msedge on WINDOWS (e172fecd15d21d92eefbbbac36320c43)] -> xpath: //*[@id="column-b"]]]
at org.testng.Assert.fail(Assert.java:99)
at org.testng.Assert.failNotEquals(Assert.java:1037)
at org.testng.Assert.assertEqualsImpl(Assert.java:140)
at org.testng.Assert.assertEquals(Assert.java:122)
at org.testng.Assert.assertEquals(Assert.java:617)
at Scripts.DragNdrop.dragdrop(DragNdrop.java:59)
at java.base/jdk.internal.reflect.NativeMethodAccessorImpl.invoke0(Native Method)
at java.base/jdk.internal.reflect.NativeMethodAccessorImpl.invoke(NativeMethodAccessorImpl.java:77)
at java.base/jdk.internal.reflect.DelegatingMethodAccessorImpl.invoke(DelegatingMethodAccessorImpl.java:43)
at java.base/java.lang.reflect.Method.invoke(Method.java:568)
at org.testng.internal.MethodInvocationHelper.invokeMethod(MethodInvocationHelper.java:133)
at org.testng.internal.TestInvoker.invokeMethod(TestInvoker.java:598)
at org.testng.internal.TestInvoker.invokeTestMethod(TestInvoker.java:173)
at org.testng.internal.MethodRunner.runInSequence(MethodRunner.java:46)
at org.testng.internal.TestInvoker$MethodInvocationAgent.invoke(TestInvoker.java:824)
at org.testng.internal.TestInvoker.invokeTestMethods(TestInvoker.java:146)
at org.testng.internal.TestMethodWorker.invokeTestMethods(TestMethodWorker.java:146)
at org.testng.internal.TestMethodWorker.run(TestMethodWorker.java:128)
at java.base/java.util.ArrayList.forEach(ArrayList.java:1511)
at org.testng.TestRunner.privateRun(TestRunner.java:794)
at org.testng.TestRunner.run(TestRunner.java:596)
at org.testng.SuiteRunner.runTest(SuiteRunner.java:377)
at org.testng.SuiteRunner.runSequentially(SuiteRunner.java:371)
at org.testng.SuiteRunner.privateRun(SuiteRunner.java:332)
at org.testng.SuiteRunner.run(SuiteRunner.java:276)
at org.testng.SuiteRunnerWorker.runSuite(SuiteRunnerWorker.java:53)
at org.testng.SuiteRunnerWorker.run(SuiteRunnerWorker.java:96)
at org.testng.TestNG.runSuitesSequentially(TestNG.java:1212)
at org.testng.TestNG.runSuitesLocally(TestNG.java:1134)
at org.testng.TestNG.runSuites(TestNG.java:1063)
at org.testng.TestNG.run(TestNG.java:1031)
at org.testng.remote.AbstractRemoteTestNG.run(AbstractRemoteTestNG.java:115)
at org.testng.remote.RemoteTestNG.initAndRun(RemoteTestNG.java:251)
at org.testng.remote.RemoteTestNG.main(RemoteTestNG.java:77)
]]>
            </full-stacktrace>
          </exception> <!-- java.lang.AssertionError -->
          <reporter-output>
          </reporter-output>
        </test-method> <!-- dragdrop -->
        <test-method is-config="true" signature="tearDown()[pri:0, instance:Scripts.DragNdrop@385ef531]" started-at="2023-01-13T00:18:35 EST" name="tearDown" finished-at="2023-01-13T00:18:36 EST" duration-ms="396" status="PASS">
          <reporter-output>
          </reporter-output>
        </test-method> <!-- tearDown -->
      </class> <!-- Scripts.DragNdrop -->
      <class name="Scripts.CheckBox">
        <test-method is-config="true" signature="setUp()[pri:0, instance:Scripts.CheckBox@2b56f5f8]" started-at="2023-01-13T00:17:06 EST" name="setUp" finished-at="2023-01-13T00:17:09 EST" duration-ms="3739" status="PASS">
          <reporter-output>
          </reporter-output>
        </test-method> <!-- setUp -->
        <test-method signature="Test1()[pri:0, instance:Scripts.CheckBox@2b56f5f8]" started-at="2023-01-13T00:18:20 EST" name="Test1" finished-at="2023-01-13T00:18:27 EST" duration-ms="7006" status="PASS">
          <reporter-output>
          </reporter-output>
        </test-method> <!-- Test1 -->
        <test-method is-config="true" signature="tearDown()[pri:0, instance:Scripts.CheckBox@2b56f5f8]" started-at="2023-01-13T00:18:27 EST" name="tearDown" finished-at="2023-01-13T00:18:28 EST" duration-ms="375" status="PASS">
          <reporter-output>
          </reporter-output>
        </test-method> <!-- tearDown -->
      </class> <!-- Scripts.CheckBox -->
      <class name="Scripts.test_Upload">
        <test-method is-config="true" signature="setUp()[pri:0, instance:Scripts.test_Upload@74abbb]" started-at="2023-01-13T00:17:18 EST" name="setUp" finished-at="2023-01-13T00:17:22 EST" duration-ms="4089" status="PASS">
          <reporter-output>
          </reporter-output>
        </test-method> <!-- setUp -->
        <test-method signature="Test1()[pri:0, instance:Scripts.test_Upload@74abbb]" started-at="2023-01-13T00:18:28 EST" name="Test1" finished-at="2023-01-13T00:18:35 EST" duration-ms="7157" status="PASS">
          <reporter-output>
          </reporter-output>
        </test-method> <!-- Test1 -->
        <test-method is-config="true" signature="tearDown()[pri:0, instance:Scripts.test_Upload@74abbb]" started-at="2023-01-13T00:18:35 EST" name="tearDown" finished-at="2023-01-13T00:18:35 EST" duration-ms="372" status="PASS">
          <reporter-output>
          </reporter-output>
        </test-method> <!-- tearDown -->
      </class> <!-- Scripts.test_Upload -->
    </test> <!-- Default test -->
  </suite> <!-- Default suite -->
</testng-results>
